{
"D:\\Richstone\\Github\\Icework\\AIVisual\\tests\\index.js":{"path":"D:\\Richstone\\Github\\Icework\\AIVisual\\tests\\index.js","s":{"1":1,"2":1,"3":1},"b":{},"f":{"1":1,"2":1},"fnMap":{"1":{"name":"(anonymous_1)","line":2,"loc":{"start":{"line":2,"column":20},"end":{"line":2,"column":31}}},"2":{"name":"(anonymous_2)","line":3,"loc":{"start":{"line":3,"column":44},"end":{"line":3,"column":55}}}},"statementMap":{"1":{"start":{"line":2,"column":0},"end":{"line":6,"column":5}},"2":{"start":{"line":3,"column":4},"end":{"line":5,"column":7}},"3":{"start":{"line":4,"column":6},"end":{"line":4,"column":30}}},"branchMap":{},"l":{"2":1,"3":1,"4":1}}}
